#
# There is insufficient memory for the Java Runtime Environment to continue.
# Native memory allocation (malloc) failed to allocate 101616 bytes for Chunk::new
# Possible reasons:
#   The system is out of physical RAM or swap space
#   In 32 bit mode, the process size limit was hit
# Possible solutions:
#   Reduce memory load on the system
#   Increase physical memory or swap space
#   Check if swap backing store is full
#   Use 64 bit Java on a 64 bit OS
#   Decrease Java heap size (-Xmx/-Xms)
#   Decrease number of Java threads
#   Decrease Java thread stack sizes (-Xss)
#   Set larger code cache with -XX:ReservedCodeCacheSize=
# This output file may be truncated or incomplete.
#
#  Out of Memory Error (allocation.cpp:390), pid=12048, tid=3676
#
# JRE version: Java(TM) SE Runtime Environment (8.0_77-b03) (build 1.8.0_77-b03)
# Java VM: Java HotSpot(TM) 64-Bit Server VM (25.77-b03 mixed mode windows-amd64 compressed oops)
# Failed to write core dump. Minidumps are not enabled by default on client versions of Windows
#

---------------  T H R E A D  ---------------

Current thread (0x0000000016c62800):  JavaThread "C2 CompilerThread1" daemon [_thread_in_native, id=3676, stack(0x00000000184c0000,0x00000000185c0000)]

Stack: [0x00000000184c0000,0x00000000185c0000]
[error occurred during error reporting (printing stack bounds), id 0xc0000005]

Native frames: (J=compiled Java code, j=interpreted, Vv=VM code, C=native code)


Current CompileTask:
C2:  49413 3961   !   4       java.util.zip.ZipFile$ZipFileInflaterInputStream::close (67 bytes)


---------------  P R O C E S S  ---------------

Java Threads: ( => current thread )
  0x00000000186e8800 JavaThread "Service Thread" daemon [_thread_blocked, id=1332, stack(0x0000000018ac0000,0x0000000018bc0000)]
  0x0000000016c69800 JavaThread "C1 CompilerThread2" daemon [_thread_blocked, id=8188, stack(0x00000000185c0000,0x00000000186c0000)]
=>0x0000000016c62800 JavaThread "C2 CompilerThread1" daemon [_thread_in_native, id=3676, stack(0x00000000184c0000,0x00000000185c0000)]
  0x0000000016c5d800 JavaThread "C2 CompilerThread0" daemon [_thread_blocked, id=12232, stack(0x00000000183c0000,0x00000000184c0000)]
  0x0000000016c5b000 JavaThread "Attach Listener" daemon [_thread_blocked, id=10248, stack(0x00000000182c0000,0x00000000183c0000)]
  0x0000000016c5a000 JavaThread "Signal Dispatcher" daemon [_thread_blocked, id=3776, stack(0x00000000181c0000,0x00000000182c0000)]
  0x0000000016c4a800 JavaThread "Finalizer" daemon [_thread_blocked, id=5720, stack(0x0000000017ec0000,0x0000000017fc0000)]
  0x0000000004a4f000 JavaThread "Reference Handler" daemon [_thread_blocked, id=9800, stack(0x0000000017dc0000,0x0000000017ec0000)]
  0x0000000004960800 JavaThread "main" [_thread_blocked, id=6996, stack(0x0000000004860000,0x0000000004960000)]

Other Threads:
  0x0000000016c28000 VMThread [stack: 0x0000000017cc0000,0x0000000017dc0000] [id=568]

VM state:at safepoint (normal execution)

VM Mutex/Monitor currently owned by a thread:  ([mutex/lock_event])
[0x000000000485bf60] Threads_lock - owner thread: 0x0000000016c28000

Heap:
 PSYoungGen      total 66048K, used 2663K [0x00000000ed780000, 0x00000000f2580000, 0x0000000100000000)
  eden space 53760K, 4% used [0x00000000ed780000,0x00000000eda19c68,0x00000000f0c00000)
  from space 12288K, 0% used [0x00000000f0c00000,0x00000000f0c00000,0x00000000f1800000)
  to   space 8704K, 0% used [0x00000000f1800000,0x00000000f1800000,0x00000000f2080000)
 ParOldGen       total 48640K, used 19567K [0x00000000c8600000, 0x00000000cb580000, 0x00000000ed780000)
  object space 48640K, 40% used [0x00000000c8600000,0x00000000c991bf40,0x00000000cb580000)
 Metaspace       used 23881K, capacity 24440K, committed 24704K, reserved 1071104K
  class space    used 2887K, capacity 3089K, committed 3200K, reserved 1048576K

Card table byte_map: [0x0000000013e20000,0x0000000013fe0000] byte_map_base: 0x00000000137dd000

Marking Bits: (ParMarkBitMap*) 0x0000000077f80600
 Begin Bits: [0x0000000014510000, 0x00000000152f8000)
 End Bits:   [0x00000000152f8000, 0x00000000160e0000)

Polling page: 0x00000000031b0000

CodeCache: size=245760Kb used=11657Kb max_used=11657Kb free=234102Kb
 bounds [0x0000000004a60000, 0x00000000055e0000, 0x0000000013a60000]
 total_blobs=3914 nmethods=3516 adapters=311
 compilation: enabled

Compilation events (10 events):
Event: 48.632 Thread 0x0000000016c69800 3964   !   3       sun.net.www.protocol.jar.JarFileFactory::close (45 bytes)
Event: 48.633 Thread 0x0000000016c69800 nmethod 3964 0x00000000055caf10 code [0x00000000055cb120, 0x00000000055cbc28]
Event: 48.766 Thread 0x0000000016c69800 3965       3       org.eclipse.sisu.inject.MildValues$ValueItr::next (27 bytes)
Event: 48.766 Thread 0x0000000016c69800 nmethod 3965 0x00000000055d06d0 code [0x00000000055d0840, 0x00000000055d0b78]
Event: 48.771 Thread 0x0000000016c69800 3966       1       java.util.Arrays$ArrayList::size (6 bytes)
Event: 48.771 Thread 0x0000000016c69800 nmethod 3966 0x0000000005070e90 code [0x0000000005070fe0, 0x00000000050710f0]
Event: 48.772 Thread 0x0000000016c69800 3967       3       org.eclipse.sisu.inject.RankedSequence$Content::remove (113 bytes)
Event: 48.773 Thread 0x0000000016c69800 nmethod 3967 0x00000000055cfa90 code [0x00000000055cfc60, 0x00000000055d0458]
Event: 48.775 Thread 0x0000000016c69800 3968       1       java.util.logging.Logger::getName (5 bytes)
Event: 48.776 Thread 0x0000000016c69800 nmethod 3968 0x00000000055c94d0 code [0x00000000055c9620, 0x00000000055c9730]

GC Heap History (10 events):
Event: 17.804 GC heap before
{Heap before GC invocations=7 (full 0):
 PSYoungGen      total 66048K, used 63842K [0x00000000ed780000, 0x00000000f1e80000, 0x0000000100000000)
  eden space 59392K, 100% used [0x00000000ed780000,0x00000000f1180000,0x00000000f1180000)
  from space 6656K, 66% used [0x00000000f1800000,0x00000000f1c58888,0x00000000f1e80000)
  to   space 6656K, 0% used [0x00000000f1180000,0x00000000f1180000,0x00000000f1800000)
 ParOldGen       total 38400K, used 10125K [0x00000000c8600000, 0x00000000cab80000, 0x00000000ed780000)
  object space 38400K, 26% used [0x00000000c8600000,0x00000000c8fe35e0,0x00000000cab80000)
 Metaspace       used 19535K, capacity 19954K, committed 20224K, reserved 1067008K
  class space    used 2399K, capacity 2543K, committed 2560K, reserved 1048576K
Event: 17.835 GC heap after
Heap after GC invocations=7 (full 0):
 PSYoungGen      total 64000K, used 6654K [0x00000000ed780000, 0x00000000f2080000, 0x0000000100000000)
  eden space 57344K, 0% used [0x00000000ed780000,0x00000000ed780000,0x00000000f0f80000)
  from space 6656K, 99% used [0x00000000f1180000,0x00000000f17ffb20,0x00000000f1800000)
  to   space 8704K, 0% used [0x00000000f1800000,0x00000000f1800000,0x00000000f2080000)
 ParOldGen       total 38400K, used 11821K [0x00000000c8600000, 0x00000000cab80000, 0x00000000ed780000)
  object space 38400K, 30% used [0x00000000c8600000,0x00000000c918b738,0x00000000cab80000)
 Metaspace       used 19535K, capacity 19954K, committed 20224K, reserved 1067008K
  class space    used 2399K, capacity 2543K, committed 2560K, reserved 1048576K
}
Event: 22.584 GC heap before
{Heap before GC invocations=8 (full 0):
 PSYoungGen      total 64000K, used 37846K [0x00000000ed780000, 0x00000000f2080000, 0x0000000100000000)
  eden space 57344K, 54% used [0x00000000ed780000,0x00000000ef5f5d20,0x00000000f0f80000)
  from space 6656K, 99% used [0x00000000f1180000,0x00000000f17ffb20,0x00000000f1800000)
  to   space 8704K, 0% used [0x00000000f1800000,0x00000000f1800000,0x00000000f2080000)
 ParOldGen       total 38400K, used 11821K [0x00000000c8600000, 0x00000000cab80000, 0x00000000ed780000)
  object space 38400K, 30% used [0x00000000c8600000,0x00000000c918b738,0x00000000cab80000)
 Metaspace       used 20820K, capacity 21138K, committed 21296K, reserved 1069056K
  class space    used 2521K, capacity 2639K, committed 2688K, reserved 1048576K
Event: 22.614 GC heap after
Heap after GC invocations=8 (full 0):
 PSYoungGen      total 62464K, used 8683K [0x00000000ed780000, 0x00000000f2580000, 0x0000000100000000)
  eden space 53760K, 0% used [0x00000000ed780000,0x00000000ed780000,0x00000000f0c00000)
  from space 8704K, 99% used [0x00000000f1800000,0x00000000f207ade0,0x00000000f2080000)
  to   space 12288K, 0% used [0x00000000f0c00000,0x00000000f0c00000,0x00000000f1800000)
 ParOldGen       total 38400K, used 17579K [0x00000000c8600000, 0x00000000cab80000, 0x00000000ed780000)
  object space 38400K, 45% used [0x00000000c8600000,0x00000000c972ae00,0x00000000cab80000)
 Metaspace       used 20820K, capacity 21138K, committed 21296K, reserved 1069056K
  class space    used 2521K, capacity 2639K, committed 2688K, reserved 1048576K
}
Event: 22.615 GC heap before
{Heap before GC invocations=9 (full 1):
 PSYoungGen      total 62464K, used 8683K [0x00000000ed780000, 0x00000000f2580000, 0x0000000100000000)
  eden space 53760K, 0% used [0x00000000ed780000,0x00000000ed780000,0x00000000f0c00000)
  from space 8704K, 99% used [0x00000000f1800000,0x00000000f207ade0,0x00000000f2080000)
  to   space 12288K, 0% used [0x00000000f0c00000,0x00000000f0c00000,0x00000000f1800000)
 ParOldGen       total 38400K, used 17579K [0x00000000c8600000, 0x00000000cab80000, 0x00000000ed780000)
  object space 38400K, 45% used [0x00000000c8600000,0x00000000c972ae00,0x00000000cab80000)
 Metaspace       used 20820K, capacity 21138K, committed 21296K, reserved 1069056K
  class space    used 2521K, capacity 2639K, committed 2688K, reserved 1048576K
Event: 22.835 GC heap after
Heap after GC invocations=9 (full 1):
 PSYoungGen      total 62464K, used 0K [0x00000000ed780000, 0x00000000f2580000, 0x0000000100000000)
  eden space 53760K, 0% used [0x00000000ed780000,0x00000000ed780000,0x00000000f0c00000)
  from space 8704K, 0% used [0x00000000f1800000,0x00000000f1800000,0x00000000f2080000)
  to   space 12288K, 0% used [0x00000000f0c00000,0x00000000f0c00000,0x00000000f1800000)
 ParOldGen       total 48640K, used 19601K [0x00000000c8600000, 0x00000000cb580000, 0x00000000ed780000)
  object space 48640K, 40% used [0x00000000c8600000,0x00000000c99246e8,0x00000000cb580000)
 Metaspace       used 20820K, capacity 21138K, committed 21296K, reserved 1069056K
  class space    used 2521K, capacity 2639K, committed 2688K, reserved 1048576K
}
Event: 48.359 GC heap before
{Heap before GC invocations=10 (full 1):
 PSYoungGen      total 62464K, used 46102K [0x00000000ed780000, 0x00000000f2580000, 0x0000000100000000)
  eden space 53760K, 85% used [0x00000000ed780000,0x00000000f04858b8,0x00000000f0c00000)
  from space 8704K, 0% used [0x00000000f1800000,0x00000000f1800000,0x00000000f2080000)
  to   space 12288K, 0% used [0x00000000f0c00000,0x00000000f0c00000,0x00000000f1800000)
 ParOldGen       total 48640K, used 19601K [0x00000000c8600000, 0x00000000cb580000, 0x00000000ed780000)
  object space 48640K, 40% used [0x00000000c8600000,0x00000000c99246e8,0x00000000cb580000)
 Metaspace       used 23875K, capacity 24440K, committed 24704K, reserved 1071104K
  class space    used 2887K, capacity 3089K, committed 3200K, reserved 1048576K
Event: 48.372 GC heap after
Heap after GC invocations=10 (full 1):
 PSYoungGen      total 66048K, used 4488K [0x00000000ed780000, 0x00000000f2580000, 0x0000000100000000)
  eden space 53760K, 0% used [0x00000000ed780000,0x00000000ed780000,0x00000000f0c00000)
  from space 12288K, 36% used [0x00000000f0c00000,0x00000000f10621f0,0x00000000f1800000)
  to   space 8704K, 0% used [0x00000000f1800000,0x00000000f1800000,0x00000000f2080000)
 ParOldGen       total 48640K, used 19609K [0x00000000c8600000, 0x00000000cb580000, 0x00000000ed780000)
  object space 48640K, 40% used [0x00000000c8600000,0x00000000c99266e8,0x00000000cb580000)
 Metaspace       used 23875K, capacity 24440K, committed 24704K, reserved 1071104K
  class space    used 2887K, capacity 3089K, committed 3200K, reserved 1048576K
}
Event: 48.372 GC heap before
{Heap before GC invocations=11 (full 2):
 PSYoungGen      total 66048K, used 4488K [0x00000000ed780000, 0x00000000f2580000, 0x0000000100000000)
  eden space 53760K, 0% used [0x00000000ed780000,0x00000000ed780000,0x00000000f0c00000)
  from space 12288K, 36% used [0x00000000f0c00000,0x00000000f10621f0,0x00000000f1800000)
  to   space 8704K, 0% used [0x00000000f1800000,0x00000000f1800000,0x00000000f2080000)
 ParOldGen       total 48640K, used 19609K [0x00000000c8600000, 0x00000000cb580000, 0x00000000ed780000)
  object space 48640K, 40% used [0x00000000c8600000,0x00000000c99266e8,0x00000000cb580000)
 Metaspace       used 23875K, capacity 24440K, committed 24704K, reserved 1071104K
  class space    used 2887K, capacity 3089K, committed 3200K, reserved 1048576K
Event: 48.629 GC heap after
Heap after GC invocations=11 (full 2):
 PSYoungGen      total 66048K, used 0K [0x00000000ed780000, 0x00000000f2580000, 0x0000000100000000)
  eden space 53760K, 0% used [0x00000000ed780000,0x00000000ed780000,0x00000000f0c00000)
  from space 12288K, 0% used [0x00000000f0c00000,0x00000000f0c00000,0x00000000f1800000)
  to   space 8704K, 0% used [0x00000000f1800000,0x00000000f1800000,0x00000000f2080000)
 ParOldGen       total 48640K, used 19567K [0x00000000c8600000, 0x00000000cb580000, 0x00000000ed780000)
  object space 48640K, 40% used [0x00000000c8600000,0x00000000c991bf40,0x00000000cb580000)
 Metaspace       used 23875K, capacity 24440K, committed 24704K, reserved 1071104K
  class space    used 2887K, capacity 3089K, committed 3200K, reserved 1048576K
}

Deoptimization events (10 events):
Event: 40.412 Thread 0x0000000004960800 Uncommon trap: reason=class_check action=maybe_recompile pc=0x000000000512c9ec method=java.util.Hashtable.put(Ljava/lang/Object;Ljava/lang/Object;)Ljava/lang/Object; @ 18
Event: 44.136 Thread 0x0000000004960800 Uncommon trap: reason=class_check action=maybe_recompile pc=0x0000000005129800 method=java.util.Hashtable.get(Ljava/lang/Object;)Ljava/lang/Object; @ 6
Event: 44.136 Thread 0x0000000004960800 Uncommon trap: reason=class_check action=maybe_recompile pc=0x0000000005129800 method=java.util.Hashtable.get(Ljava/lang/Object;)Ljava/lang/Object; @ 6
Event: 44.137 Thread 0x0000000004960800 Uncommon trap: reason=class_check action=maybe_recompile pc=0x0000000005129800 method=java.util.Hashtable.get(Ljava/lang/Object;)Ljava/lang/Object; @ 6
Event: 44.137 Thread 0x0000000004960800 Uncommon trap: reason=class_check action=maybe_recompile pc=0x0000000005129800 method=java.util.Hashtable.get(Ljava/lang/Object;)Ljava/lang/Object; @ 6
Event: 46.730 Thread 0x0000000004960800 Uncommon trap: reason=class_check action=maybe_recompile pc=0x0000000004f9df34 method=sun.nio.cs.UTF_8.updatePositions(Ljava/nio/Buffer;ILjava/nio/Buffer;I)V @ 3
Event: 46.730 Thread 0x0000000004960800 Uncommon trap: reason=class_check action=maybe_recompile pc=0x0000000004f9df34 method=sun.nio.cs.UTF_8.updatePositions(Ljava/nio/Buffer;ILjava/nio/Buffer;I)V @ 3
Event: 46.730 Thread 0x0000000004960800 Uncommon trap: reason=class_check action=maybe_recompile pc=0x0000000004f9df34 method=sun.nio.cs.UTF_8.updatePositions(Ljava/nio/Buffer;ILjava/nio/Buffer;I)V @ 3
Event: 46.730 Thread 0x0000000004960800 Uncommon trap: reason=class_check action=maybe_recompile pc=0x0000000004f9df34 method=sun.nio.cs.UTF_8.updatePositions(Ljava/nio/Buffer;ILjava/nio/Buffer;I)V @ 3
Event: 46.730 Thread 0x0000000004960800 Uncommon trap: reason=class_check action=maybe_recompile pc=0x0000000004faadf4 method=sun.nio.cs.UTF_8.updatePositions(Ljava/nio/Buffer;ILjava/nio/Buffer;I)V @ 3

Internal exceptions (10 events):
Event: 3.965 Thread 0x0000000004960800 Exception <a 'java/lang/NullPointerException'> (0x00000000ee83ef30) thrown at [D:\re\workspace\8-2-build-windows-amd64-cygwin\jdk8u77\6540\hotspot\src\share\vm\interpreter\linkResolver.cpp, line 1178]
Event: 3.965 Thread 0x0000000004960800 Exception <a 'java/lang/NullPointerException'> (0x00000000ee83f148) thrown at [D:\re\workspace\8-2-build-windows-amd64-cygwin\jdk8u77\6540\hotspot\src\share\vm\interpreter\linkResolver.cpp, line 1178]
Event: 3.965 Thread 0x0000000004960800 Exception <a 'java/lang/NullPointerException'> (0x00000000ee83f360) thrown at [D:\re\workspace\8-2-build-windows-amd64-cygwin\jdk8u77\6540\hotspot\src\share\vm\interpreter\linkResolver.cpp, line 1178]
Event: 4.694 Thread 0x0000000004960800 Implicit null exception at 0x0000000004e2ee15 to 0x0000000004e2efe5
Event: 4.694 Thread 0x0000000004960800 Implicit null exception at 0x0000000004d1562f to 0x0000000004d15699
Event: 5.034 Thread 0x0000000004960800 Implicit null exception at 0x000000000501cbe2 to 0x000000000501dcc1
Event: 16.441 Thread 0x0000000004960800 Exception <a 'java/lang/ClassNotFoundException': com/sun/tools/javac/api/JavacTool> (0x00000000eff57128) thrown at [D:\re\workspace\8-2-build-windows-amd64-cygwin\jdk8u77\6540\hotspot\src\share\vm\classfile\systemDictionary.cpp, line 210]
Event: 21.641 Thread 0x0000000004960800 Exception <a 'java/io/FileNotFoundException'> (0x00000000ee5799c0) thrown at [D:\re\workspace\8-2-build-windows-amd64-cygwin\jdk8u77\6540\hotspot\src\share\vm\prims\jni.cpp, line 709]
Event: 21.682 Thread 0x0000000004960800 Exception <a 'java/io/FileNotFoundException'> (0x00000000ee5addb8) thrown at [D:\re\workspace\8-2-build-windows-amd64-cygwin\jdk8u77\6540\hotspot\src\share\vm\prims\jni.cpp, line 709]
Event: 29.957 Thread 0x0000000004960800 Implicit null exception at 0x0000000004dc18fb to 0x0000000004dc1e89

Events (10 events):
Event: 48.351 loading class org/apache/maven/artifact/repository/metadata/AbstractRepositoryMetadata done
Event: 48.355 loading class org/apache/maven/artifact/repository/metadata/ArtifactRepositoryMetadata
Event: 48.355 loading class org/apache/maven/artifact/repository/metadata/ArtifactRepositoryMetadata done
Event: 48.359 Executing VM operation: ParallelGCSystemGC
Event: 48.629 Executing VM operation: ParallelGCSystemGC done
Event: 48.768 loading class org/eclipse/sisu/inject/MildElements$Itr
Event: 48.768 loading class org/eclipse/sisu/inject/MildElements$Itr done
Event: 48.774 Thread 0x00000000195aa000 Thread added: 0x00000000195aa000
Event: 48.776 Thread 0x00000000195aa000 Thread exited: 0x00000000195aa000
Event: 48.989 Executing VM operation: Exit


Dynamic libraries:
0x00007ff7ad510000 - 0x00007ff7ad547000 	C:\Program Files\Java\jdk1.8.0_77\bin\javaw.exe
0x00007ff925d30000 - 0x00007ff925f10000 	C:\WINDOWS\SYSTEM32\ntdll.dll
0x00007ff9238f0000 - 0x00007ff92399e000 	C:\WINDOWS\System32\KERNEL32.DLL
0x00007ff922df0000 - 0x00007ff923056000 	C:\WINDOWS\System32\KERNELBASE.dll
0x00007ff925a30000 - 0x00007ff925ad1000 	C:\WINDOWS\System32\ADVAPI32.dll
0x00007ff923850000 - 0x00007ff9238ed000 	C:\WINDOWS\System32\msvcrt.dll
0x00007ff9244a0000 - 0x00007ff9244fb000 	C:\WINDOWS\System32\sechost.dll
0x00007ff9232e0000 - 0x00007ff9233ff000 	C:\WINDOWS\System32\RPCRT4.dll
0x00007ff923cc0000 - 0x00007ff923e4f000 	C:\WINDOWS\System32\USER32.dll
0x00007ff922880000 - 0x00007ff9228a0000 	C:\WINDOWS\System32\win32u.dll
0x00007ff924130000 - 0x00007ff924158000 	C:\WINDOWS\System32\GDI32.dll
0x00007ff922b50000 - 0x00007ff922ce3000 	C:\WINDOWS\System32\gdi32full.dll
0x00007ff923160000 - 0x00007ff9231fb000 	C:\WINDOWS\System32\msvcp_win.dll
0x00007ff923060000 - 0x00007ff923156000 	C:\WINDOWS\System32\ucrtbase.dll
0x00007ff9187b0000 - 0x00007ff918a19000 	C:\WINDOWS\WinSxS\amd64_microsoft.windows.common-controls_6595b64144ccf1df_6.0.16299.192_none_15c8cdae9364c23b\COMCTL32.dll
0x00007ff9239b0000 - 0x00007ff923cb8000 	C:\WINDOWS\System32\combase.dll
0x00007ff922900000 - 0x00007ff922972000 	C:\WINDOWS\System32\bcryptPrimitives.dll
0x00007ff9232b0000 - 0x00007ff9232dd000 	C:\WINDOWS\System32\IMM32.DLL
0x0000000051e20000 - 0x0000000051ef2000 	C:\Program Files\Java\jdk1.8.0_77\jre\bin\msvcr100.dll
0x0000000077770000 - 0x0000000078000000 	C:\Program Files\Java\jdk1.8.0_77\jre\bin\server\jvm.dll
0x00007ff924500000 - 0x00007ff924508000 	C:\WINDOWS\System32\PSAPI.DLL
0x00007ff9171b0000 - 0x00007ff9171b9000 	C:\WINDOWS\SYSTEM32\WSOCK32.dll
0x00007ff91f130000 - 0x00007ff91f153000 	C:\WINDOWS\SYSTEM32\WINMM.dll
0x00007ff924430000 - 0x00007ff92449c000 	C:\WINDOWS\System32\WS2_32.dll
0x00007ff91c030000 - 0x00007ff91c03a000 	C:\WINDOWS\SYSTEM32\VERSION.dll
0x00007ff91f100000 - 0x00007ff91f12a000 	C:\WINDOWS\SYSTEM32\WINMMBASE.dll
0x00007ff922da0000 - 0x00007ff922dea000 	C:\WINDOWS\System32\cfgmgr32.dll
0x0000000051e10000 - 0x0000000051e1f000 	C:\Program Files\Java\jdk1.8.0_77\jre\bin\verify.dll
0x0000000051810000 - 0x0000000051839000 	C:\Program Files\Java\jdk1.8.0_77\jre\bin\java.dll
0x00000000517f0000 - 0x0000000051806000 	C:\Program Files\Java\jdk1.8.0_77\jre\bin\zip.dll
0x00007ff924510000 - 0x00007ff925946000 	C:\WINDOWS\System32\SHELL32.dll
0x00007ff923200000 - 0x00007ff9232a6000 	C:\WINDOWS\System32\shcore.dll
0x00007ff922130000 - 0x00007ff922877000 	C:\WINDOWS\System32\windows.storage.dll
0x00007ff9240d0000 - 0x00007ff924121000 	C:\WINDOWS\System32\shlwapi.dll
0x00007ff9220f0000 - 0x00007ff922101000 	C:\WINDOWS\System32\kernel.appcore.dll
0x00007ff9220a0000 - 0x00007ff9220ec000 	C:\WINDOWS\System32\powrprof.dll
0x00007ff922110000 - 0x00007ff92212b000 	C:\WINDOWS\System32\profapi.dll
0x00000000517d0000 - 0x00000000517ea000 	C:\Program Files\Java\jdk1.8.0_77\jre\bin\net.dll
0x00007ff9218b0000 - 0x00007ff921916000 	C:\WINDOWS\system32\mswsock.dll
0x00000000517b0000 - 0x00000000517c1000 	C:\Program Files\Java\jdk1.8.0_77\jre\bin\nio.dll

VM Arguments:
jvm_args: -Dmaven.home=EMBEDDED -Dclassworlds.conf=E:\Project1\.metadata\.plugins\org.eclipse.m2e.launching\launches\m2conf3492740605702695914.tmp -Dmaven.multiModuleProjectDirectory=E:\Project1\ModelMadnessFrontend -Dfile.encoding=Cp1252 
java_command: org.codehaus.plexus.classworlds.launcher.Launcher -B install
java_class_path (initial): /E:/softwares/eclipse-jee-mars-2-win32-x86_64/eclipse/plugins/org.eclipse.m2e.maven.runtime_1.6.2.20150902-0001/jars/plexus-classworlds-2.5.2.jar
Launcher Type: SUN_STANDARD

Environment Variables:
PATH=C:/Program Files/Java/jre1.8.0_77/bin/server;C:/Program Files/Java/jre1.8.0_77/bin;C:/Program Files/Java/jre1.8.0_77/lib/amd64;C:\ProgramData\Oracle\Java\javapath;C:\WINDOWS\system32;C:\WINDOWS;C:\WINDOWS\System32\Wbem;C:\WINDOWS\System32\WindowsPowerShell\v1.0\;C:\Program Files\Java\jdk1.8.0_77\bin;E:\softwares\eclipse-jee-mars-2-win32-x86_64\eclipse;
USERNAME=soumy
OS=Windows_NT
PROCESSOR_IDENTIFIER=AMD64 Family 22 Model 0 Stepping 1, AuthenticAMD



---------------  S Y S T E M  ---------------

OS: Windows 10.0 , 64 bit Build 16299 (10.0.16299.15)

CPU:total 4 (4 cores per cpu, 1 threads per core) family 22 model 0 stepping 1, cmov, cx8, fxsr, mmx, sse, sse2, sse3, ssse3, sse4.1, sse4.2, popcnt, avx, aes, clmul, mmxext, 3dnowpref, lzcnt, sse4a, tsc, tscinvbit, tscinv, bmi1

Memory: 4k page, physical 3643572k(370364k free), swap 5740724k(4352k free)

vm_info: Java HotSpot(TM) 64-Bit Server VM (25.77-b03) for windows-amd64 JRE (1.8.0_77-b03), built on Mar 20 2016 22:01:33 by "java_re" with MS VC++ 10.0 (VS2010)

time: Thu Feb 15 14:18:26 2018
elapsed time: 49 seconds (0d 0h 0m 49s)

