#
# There is insufficient memory for the Java Runtime Environment to continue.
# Native memory allocation (malloc) failed to allocate 119376 bytes for Chunk::new
# Possible reasons:
#   The system is out of physical RAM or swap space
#   In 32 bit mode, the process size limit was hit
# Possible solutions:
#   Reduce memory load on the system
#   Increase physical memory or swap space
#   Check if swap backing store is full
#   Use 64 bit Java on a 64 bit OS
#   Decrease Java heap size (-Xmx/-Xms)
#   Decrease number of Java threads
#   Decrease Java thread stack sizes (-Xss)
#   Set larger code cache with -XX:ReservedCodeCacheSize=
# This output file may be truncated or incomplete.
#
#  Out of Memory Error (allocation.cpp:390), pid=4868, tid=10912
#
# JRE version: Java(TM) SE Runtime Environment (8.0_77-b03) (build 1.8.0_77-b03)
# Java VM: Java HotSpot(TM) 64-Bit Server VM (25.77-b03 mixed mode windows-amd64 compressed oops)
# Failed to write core dump. Minidumps are not enabled by default on client versions of Windows
#

---------------  T H R E A D  ---------------

Current thread (0x000000001683d800):  JavaThread "C2 CompilerThread0" daemon [_thread_in_native, id=10912, stack(0x0000000017f90000,0x0000000018090000)]

Stack: [0x0000000017f90000,0x0000000018090000]
[error occurred during error reporting (printing stack bounds), id 0xc0000005]

Native frames: (J=compiled Java code, j=interpreted, Vv=VM code, C=native code)


Current CompileTask:
C2:   4384 1020       4       java.io.DataOutputStream::writeUTF (435 bytes)


---------------  P R O C E S S  ---------------

Java Threads: ( => current thread )
  0x000000001689e800 JavaThread "Service Thread" daemon [_thread_blocked, id=1664, stack(0x0000000018690000,0x0000000018790000)]
  0x0000000016845800 JavaThread "C1 CompilerThread2" daemon [_thread_blocked, id=1848, stack(0x0000000018190000,0x0000000018290000)]
  0x0000000016842800 JavaThread "C2 CompilerThread1" daemon [_thread_blocked, id=8556, stack(0x0000000018090000,0x0000000018190000)]
=>0x000000001683d800 JavaThread "C2 CompilerThread0" daemon [_thread_in_native, id=10912, stack(0x0000000017f90000,0x0000000018090000)]
  0x000000001683b000 JavaThread "Attach Listener" daemon [_thread_blocked, id=9944, stack(0x0000000017e90000,0x0000000017f90000)]
  0x000000001683a000 JavaThread "Signal Dispatcher" daemon [_thread_blocked, id=10628, stack(0x0000000017d90000,0x0000000017e90000)]
  0x000000001682a800 JavaThread "Finalizer" daemon [_thread_blocked, id=6416, stack(0x0000000017aa0000,0x0000000017ba0000)]
  0x000000000464f000 JavaThread "Reference Handler" daemon [_thread_blocked, id=6160, stack(0x00000000179a0000,0x0000000017aa0000)]
  0x0000000004560800 JavaThread "main" [_thread_in_Java, id=8048, stack(0x00000000043b0000,0x00000000044b0000)]

Other Threads:
  0x0000000016808000 VMThread [stack: 0x00000000178a0000,0x00000000179a0000] [id=7940]
  0x00000000182dd000 WatcherThread [stack: 0x0000000018790000,0x0000000018890000] [id=9984]

VM state:not at safepoint (normal execution)

VM Mutex/Monitor currently owned by a thread: None

Heap:
 PSYoungGen      total 16896K, used 8578K [0x00000000ed780000, 0x00000000eea00000, 0x0000000100000000)
  eden space 14848K, 44% used [0x00000000ed780000,0x00000000edde5338,0x00000000ee600000)
  from space 2048K, 99% used [0x00000000ee800000,0x00000000ee9fb5e0,0x00000000eea00000)
  to   space 2048K, 0% used [0x00000000ee600000,0x00000000ee600000,0x00000000ee800000)
 ParOldGen       total 27136K, used 3294K [0x00000000c8600000, 0x00000000ca080000, 0x00000000ed780000)
  object space 27136K, 12% used [0x00000000c8600000,0x00000000c89378e0,0x00000000ca080000)
 Metaspace       used 10985K, capacity 11108K, committed 11264K, reserved 1064960K
  class space    used 1379K, capacity 1444K, committed 1536K, reserved 1048576K

Card table byte_map: [0x0000000013a20000,0x0000000013be0000] byte_map_base: 0x00000000133dd000

Marking Bits: (ParMarkBitMap*) 0x0000000077f80600
 Begin Bits: [0x0000000014110000, 0x0000000014ef8000)
 End Bits:   [0x0000000014ef8000, 0x0000000015ce0000)

Polling page: 0x00000000025a0000

CodeCache: size=245760Kb used=4045Kb max_used=4057Kb free=241714Kb
 bounds [0x0000000004660000, 0x0000000004a60000, 0x0000000013660000]
 total_blobs=1330 nmethods=1028 adapters=216
 compilation: enabled

Compilation events (10 events):
Event: 4.339 Thread 0x0000000016845800 nmethod 1015 0x0000000004a4d090 code [0x0000000004a4d220, 0x0000000004a4d698]
Event: 4.341 Thread 0x0000000016845800 1016       3       com.google.inject.internal.Annotations::findBindingAnnotation (76 bytes)
Event: 4.344 Thread 0x0000000016845800 nmethod 1016 0x0000000004a4b250 code [0x0000000004a4b4a0, 0x0000000004a4c4f8]
Event: 4.345 Thread 0x0000000016845800 1017       1       com.google.inject.Key$NullAnnotationStrategy::getAnnotationType (2 bytes)
Event: 4.346 Thread 0x0000000016845800 nmethod 1017 0x0000000004a4af90 code [0x0000000004a4b0e0, 0x0000000004a4b1f0]
Event: 4.351 Thread 0x0000000016845800 1018       3       java.util.HashMap$ValueIterator::next (8 bytes)
Event: 4.351 Thread 0x0000000016845800 nmethod 1018 0x0000000004a4ab50 code [0x0000000004a4acc0, 0x0000000004a4aec8]
Event: 4.351 Thread 0x0000000016845800 1019       3       sun.misc.ProxyGenerator$ExceptionTableEntry::<init> (26 bytes)
Event: 4.352 Thread 0x000000001683d800 1020       4       java.io.DataOutputStream::writeUTF (435 bytes)
Event: 4.352 Thread 0x0000000016845800 nmethod 1019 0x0000000004a52350 code [0x0000000004a524a0, 0x0000000004a52650]

GC Heap History (10 events):
Event: 1.883 GC heap before
{Heap before GC invocations=1 (full 0):
 PSYoungGen      total 16896K, used 14817K [0x00000000ed780000, 0x00000000eea00000, 0x0000000100000000)
  eden space 14848K, 99% used [0x00000000ed780000,0x00000000ee5f8648,0x00000000ee600000)
  from space 2048K, 0% used [0x00000000ee800000,0x00000000ee800000,0x00000000eea00000)
  to   space 2048K, 0% used [0x00000000ee600000,0x00000000ee600000,0x00000000ee800000)
 ParOldGen       total 38400K, used 0K [0x00000000c8600000, 0x00000000cab80000, 0x00000000ed780000)
  object space 38400K, 0% used [0x00000000c8600000,0x00000000c8600000,0x00000000cab80000)
 Metaspace       used 6221K, capacity 6380K, committed 6528K, reserved 1056768K
  class space    used 733K, capacity 792K, committed 896K, reserved 1048576K
Event: 1.891 GC heap after
Heap after GC invocations=1 (full 0):
 PSYoungGen      total 16896K, used 2028K [0x00000000ed780000, 0x00000000eea00000, 0x0000000100000000)
  eden space 14848K, 0% used [0x00000000ed780000,0x00000000ed780000,0x00000000ee600000)
  from space 2048K, 99% used [0x00000000ee600000,0x00000000ee7fb270,0x00000000ee800000)
  to   space 2048K, 0% used [0x00000000ee800000,0x00000000ee800000,0x00000000eea00000)
 ParOldGen       total 38400K, used 920K [0x00000000c8600000, 0x00000000cab80000, 0x00000000ed780000)
  object space 38400K, 2% used [0x00000000c8600000,0x00000000c86e6210,0x00000000cab80000)
 Metaspace       used 6221K, capacity 6380K, committed 6528K, reserved 1056768K
  class space    used 733K, capacity 792K, committed 896K, reserved 1048576K
}
Event: 2.685 GC heap before
{Heap before GC invocations=2 (full 0):
 PSYoungGen      total 16896K, used 16876K [0x00000000ed780000, 0x00000000eea00000, 0x0000000100000000)
  eden space 14848K, 100% used [0x00000000ed780000,0x00000000ee600000,0x00000000ee600000)
  from space 2048K, 99% used [0x00000000ee600000,0x00000000ee7fb270,0x00000000ee800000)
  to   space 2048K, 0% used [0x00000000ee800000,0x00000000ee800000,0x00000000eea00000)
 ParOldGen       total 38400K, used 920K [0x00000000c8600000, 0x00000000cab80000, 0x00000000ed780000)
  object space 38400K, 2% used [0x00000000c8600000,0x00000000c86e6210,0x00000000cab80000)
 Metaspace       used 7581K, capacity 7768K, committed 7936K, reserved 1056768K
  class space    used 945K, capacity 1016K, committed 1024K, reserved 1048576K
Event: 2.694 GC heap after
Heap after GC invocations=2 (full 0):
 PSYoungGen      total 16896K, used 2025K [0x00000000ed780000, 0x00000000eea00000, 0x0000000100000000)
  eden space 14848K, 0% used [0x00000000ed780000,0x00000000ed780000,0x00000000ee600000)
  from space 2048K, 98% used [0x00000000ee800000,0x00000000ee9fa730,0x00000000eea00000)
  to   space 2048K, 0% used [0x00000000ee600000,0x00000000ee600000,0x00000000ee800000)
 ParOldGen       total 38400K, used 1612K [0x00000000c8600000, 0x00000000cab80000, 0x00000000ed780000)
  object space 38400K, 4% used [0x00000000c8600000,0x00000000c87933f0,0x00000000cab80000)
 Metaspace       used 7581K, capacity 7768K, committed 7936K, reserved 1056768K
  class space    used 945K, capacity 1016K, committed 1024K, reserved 1048576K
}
Event: 3.229 GC heap before
{Heap before GC invocations=3 (full 0):
 PSYoungGen      total 16896K, used 12452K [0x00000000ed780000, 0x00000000eea00000, 0x0000000100000000)
  eden space 14848K, 70% used [0x00000000ed780000,0x00000000ee1aec10,0x00000000ee600000)
  from space 2048K, 98% used [0x00000000ee800000,0x00000000ee9fa730,0x00000000eea00000)
  to   space 2048K, 0% used [0x00000000ee600000,0x00000000ee600000,0x00000000ee800000)
 ParOldGen       total 38400K, used 1612K [0x00000000c8600000, 0x00000000cab80000, 0x00000000ed780000)
  object space 38400K, 4% used [0x00000000c8600000,0x00000000c87933f0,0x00000000cab80000)
 Metaspace       used 8312K, capacity 8414K, committed 8576K, reserved 1064960K
  class space    used 1033K, capacity 1081K, committed 1152K, reserved 1048576K
Event: 3.238 GC heap after
Heap after GC invocations=3 (full 0):
 PSYoungGen      total 16896K, used 2038K [0x00000000ed780000, 0x00000000eea00000, 0x0000000100000000)
  eden space 14848K, 0% used [0x00000000ed780000,0x00000000ed780000,0x00000000ee600000)
  from space 2048K, 99% used [0x00000000ee600000,0x00000000ee7fd878,0x00000000ee800000)
  to   space 2048K, 0% used [0x00000000ee800000,0x00000000ee800000,0x00000000eea00000)
 ParOldGen       total 38400K, used 2405K [0x00000000c8600000, 0x00000000cab80000, 0x00000000ed780000)
  object space 38400K, 6% used [0x00000000c8600000,0x00000000c8859400,0x00000000cab80000)
 Metaspace       used 8312K, capacity 8414K, committed 8576K, reserved 1064960K
  class space    used 1033K, capacity 1081K, committed 1152K, reserved 1048576K
}
Event: 3.238 GC heap before
{Heap before GC invocations=4 (full 1):
 PSYoungGen      total 16896K, used 2038K [0x00000000ed780000, 0x00000000eea00000, 0x0000000100000000)
  eden space 14848K, 0% used [0x00000000ed780000,0x00000000ed780000,0x00000000ee600000)
  from space 2048K, 99% used [0x00000000ee600000,0x00000000ee7fd878,0x00000000ee800000)
  to   space 2048K, 0% used [0x00000000ee800000,0x00000000ee800000,0x00000000eea00000)
 ParOldGen       total 38400K, used 2405K [0x00000000c8600000, 0x00000000cab80000, 0x00000000ed780000)
  object space 38400K, 6% used [0x00000000c8600000,0x00000000c8859400,0x00000000cab80000)
 Metaspace       used 8312K, capacity 8414K, committed 8576K, reserved 1064960K
  class space    used 1033K, capacity 1081K, committed 1152K, reserved 1048576K
Event: 3.280 GC heap after
Heap after GC invocations=4 (full 1):
 PSYoungGen      total 16896K, used 0K [0x00000000ed780000, 0x00000000eea00000, 0x0000000100000000)
  eden space 14848K, 0% used [0x00000000ed780000,0x00000000ed780000,0x00000000ee600000)
  from space 2048K, 0% used [0x00000000ee600000,0x00000000ee600000,0x00000000ee800000)
  to   space 2048K, 0% used [0x00000000ee800000,0x00000000ee800000,0x00000000eea00000)
 ParOldGen       total 27136K, used 2707K [0x00000000c8600000, 0x00000000ca080000, 0x00000000ed780000)
  object space 27136K, 9% used [0x00000000c8600000,0x00000000c88a4ca0,0x00000000ca080000)
 Metaspace       used 8312K, capacity 8414K, committed 8576K, reserved 1062912K
  class space    used 1033K, capacity 1081K, committed 1152K, reserved 1048576K
}
Event: 4.039 GC heap before
{Heap before GC invocations=5 (full 1):
 PSYoungGen      total 16896K, used 14848K [0x00000000ed780000, 0x00000000eea00000, 0x0000000100000000)
  eden space 14848K, 100% used [0x00000000ed780000,0x00000000ee600000,0x00000000ee600000)
  from space 2048K, 0% used [0x00000000ee600000,0x00000000ee600000,0x00000000ee800000)
  to   space 2048K, 0% used [0x00000000ee800000,0x00000000ee800000,0x00000000eea00000)
 ParOldGen       total 27136K, used 2707K [0x00000000c8600000, 0x00000000ca080000, 0x00000000ed780000)
  object space 27136K, 9% used [0x00000000c8600000,0x00000000c88a4ca0,0x00000000ca080000)
 Metaspace       used 10166K, capacity 10298K, committed 10624K, reserved 1062912K
  class space    used 1271K, capacity 1347K, committed 1408K, reserved 1048576K
Event: 4.044 GC heap after
Heap after GC invocations=5 (full 1):
 PSYoungGen      total 16896K, used 2029K [0x00000000ed780000, 0x00000000eea00000, 0x0000000100000000)
  eden space 14848K, 0% used [0x00000000ed780000,0x00000000ed780000,0x00000000ee600000)
  from space 2048K, 99% used [0x00000000ee800000,0x00000000ee9fb5e0,0x00000000eea00000)
  to   space 2048K, 0% used [0x00000000ee600000,0x00000000ee600000,0x00000000ee800000)
 ParOldGen       total 27136K, used 3294K [0x00000000c8600000, 0x00000000ca080000, 0x00000000ed780000)
  object space 27136K, 12% used [0x00000000c8600000,0x00000000c89378e0,0x00000000ca080000)
 Metaspace       used 10166K, capacity 10298K, committed 10624K, reserved 1062912K
  class space    used 1271K, capacity 1347K, committed 1408K, reserved 1048576K
}

Deoptimization events (10 events):
Event: 2.308 Thread 0x0000000004560800 Uncommon trap: reason=range_check action=make_not_entrant pc=0x00000000048a5ca0 method=sun.reflect.generics.parser.SignatureParser.current()C @ 34
Event: 2.507 Thread 0x0000000004560800 Uncommon trap: reason=unstable_if action=reinterpret pc=0x00000000048f7dd8 method=java.nio.charset.CoderResult.isOverflow()Z @ 5
Event: 2.538 Thread 0x0000000004560800 Uncommon trap: reason=unstable_if action=reinterpret pc=0x0000000004902680 method=java.nio.charset.CharsetDecoder.decode(Ljava/nio/ByteBuffer;Ljava/nio/CharBuffer;Z)Ljava/nio/charset/CoderResult; @ 94
Event: 2.618 Thread 0x0000000004560800 Uncommon trap: reason=unstable_if action=reinterpret pc=0x00000000048f0824 method=java.io.Reader.read()I @ 12
Event: 2.632 Thread 0x0000000004560800 Uncommon trap: reason=unstable_if action=reinterpret pc=0x000000000490b2a0 method=org.codehaus.plexus.util.xml.pull.MXParser.nextImpl()I @ 241
Event: 2.634 Thread 0x0000000004560800 Uncommon trap: reason=unstable_if action=reinterpret pc=0x0000000004907148 method=java.nio.charset.CharsetDecoder.decode(Ljava/nio/ByteBuffer;Ljava/nio/CharBuffer;Z)Ljava/nio/charset/CoderResult; @ 15
Event: 2.648 Thread 0x0000000004560800 Uncommon trap: reason=unstable_if action=reinterpret pc=0x00000000048fd1c0 method=java.io.Reader.read()I @ 12
Event: 2.656 Thread 0x0000000004560800 Uncommon trap: reason=unstable_if action=reinterpret pc=0x00000000048fc2fc method=java.nio.charset.CharsetDecoder.decode(Ljava/nio/ByteBuffer;Ljava/nio/CharBuffer;Z)Ljava/nio/charset/CoderResult; @ 15
Event: 3.173 Thread 0x0000000004560800 Uncommon trap: reason=unstable_if action=reinterpret pc=0x000000000492f244 method=java.util.HashMap.getNode(ILjava/lang/Object;)Ljava/util/HashMap$Node; @ 129
Event: 3.173 Thread 0x0000000004560800 Uncommon trap: reason=unstable_if action=reinterpret pc=0x000000000492cda4 method=java.util.HashMap.getNode(ILjava/lang/Object;)Ljava/util/HashMap$Node; @ 129

Internal exceptions (10 events):
Event: 2.304 Thread 0x0000000004560800 Exception <a 'java/lang/ArrayIndexOutOfBoundsException'> (0x00000000edd3a8e0) thrown at [D:\re\workspace\8-2-build-windows-amd64-cygwin\jdk8u77\6540\hotspot\src\share\vm\runtime\sharedRuntime.cpp, line 605]
Event: 2.304 Thread 0x0000000004560800 Exception <a 'java/lang/ArrayIndexOutOfBoundsException'> (0x00000000edd3b680) thrown at [D:\re\workspace\8-2-build-windows-amd64-cygwin\jdk8u77\6540\hotspot\src\share\vm\runtime\sharedRuntime.cpp, line 605]
Event: 2.305 Thread 0x0000000004560800 Exception <a 'java/lang/ArrayIndexOutOfBoundsException'> (0x00000000edd3d350) thrown at [D:\re\workspace\8-2-build-windows-amd64-cygwin\jdk8u77\6540\hotspot\src\share\vm\runtime\sharedRuntime.cpp, line 605]
Event: 2.305 Thread 0x0000000004560800 Exception <a 'java/lang/ArrayIndexOutOfBoundsException'> (0x00000000edd3e8a8) thrown at [D:\re\workspace\8-2-build-windows-amd64-cygwin\jdk8u77\6540\hotspot\src\share\vm\runtime\sharedRuntime.cpp, line 605]
Event: 2.306 Thread 0x0000000004560800 Exception <a 'java/lang/ArrayIndexOutOfBoundsException'> (0x00000000edd407a0) thrown at [D:\re\workspace\8-2-build-windows-amd64-cygwin\jdk8u77\6540\hotspot\src\share\vm\runtime\sharedRuntime.cpp, line 605]
Event: 2.306 Thread 0x0000000004560800 Exception <a 'java/lang/ArrayIndexOutOfBoundsException'> (0x00000000edd423a8) thrown at [D:\re\workspace\8-2-build-windows-amd64-cygwin\jdk8u77\6540\hotspot\src\share\vm\runtime\sharedRuntime.cpp, line 605]
Event: 2.306 Thread 0x0000000004560800 Exception <a 'java/lang/ArrayIndexOutOfBoundsException'> (0x00000000edd43980) thrown at [D:\re\workspace\8-2-build-windows-amd64-cygwin\jdk8u77\6540\hotspot\src\share\vm\runtime\sharedRuntime.cpp, line 605]
Event: 2.307 Thread 0x0000000004560800 Exception <a 'java/lang/ArrayIndexOutOfBoundsException'> (0x00000000edd45c20) thrown at [D:\re\workspace\8-2-build-windows-amd64-cygwin\jdk8u77\6540\hotspot\src\share\vm\runtime\sharedRuntime.cpp, line 605]
Event: 2.308 Thread 0x0000000004560800 Exception <a 'java/lang/ArrayIndexOutOfBoundsException': 86> (0x00000000edd47248) thrown at [D:\re\workspace\8-2-build-windows-amd64-cygwin\jdk8u77\6540\hotspot\src\share\vm\interpreter\interpreterRuntime.cpp, line 366]
Event: 2.308 Thread 0x0000000004560800 Exception <a 'java/lang/ArrayIndexOutOfBoundsException': 24> (0x00000000edd47f20) thrown at [D:\re\workspace\8-2-build-windows-amd64-cygwin\jdk8u77\6540\hotspot\src\share\vm\interpreter\interpreterRuntime.cpp, line 366]

Events (10 events):
Event: 4.362 loading class org/apache/maven/toolchain/merge/MavenToolchainMerger
Event: 4.362 loading class org/apache/maven/toolchain/merge/MavenToolchainMerger done
Event: 4.363 loading class org/apache/maven/building/ProblemCollector
Event: 4.363 loading class org/apache/maven/building/ProblemCollector done
Event: 4.365 loading class org/eclipse/aether/repository/NoLocalRepositoryManagerException
Event: 4.365 loading class org/eclipse/aether/repository/NoLocalRepositoryManagerException done
Event: 4.366 loading class org/eclipse/aether/resolution/ResolutionErrorPolicy
Event: 4.366 loading class org/eclipse/aether/resolution/ResolutionErrorPolicy done
Event: 4.367 loading class org/eclipse/aether/repository/MirrorSelector
Event: 4.367 loading class org/eclipse/aether/repository/MirrorSelector done


Dynamic libraries:
0x00007ff7383e0000 - 0x00007ff738417000 	C:\Program Files\Java\jdk1.8.0_77\bin\javaw.exe
0x00007ff925d30000 - 0x00007ff925f10000 	C:\WINDOWS\SYSTEM32\ntdll.dll
0x00007ff9238f0000 - 0x00007ff92399e000 	C:\WINDOWS\System32\KERNEL32.DLL
0x00007ff922df0000 - 0x00007ff923056000 	C:\WINDOWS\System32\KERNELBASE.dll
0x00007ff925a30000 - 0x00007ff925ad1000 	C:\WINDOWS\System32\ADVAPI32.dll
0x00007ff923850000 - 0x00007ff9238ed000 	C:\WINDOWS\System32\msvcrt.dll
0x00007ff9244a0000 - 0x00007ff9244fb000 	C:\WINDOWS\System32\sechost.dll
0x00007ff9232e0000 - 0x00007ff9233ff000 	C:\WINDOWS\System32\RPCRT4.dll
0x00007ff923cc0000 - 0x00007ff923e4f000 	C:\WINDOWS\System32\USER32.dll
0x00007ff922880000 - 0x00007ff9228a0000 	C:\WINDOWS\System32\win32u.dll
0x00007ff924130000 - 0x00007ff924158000 	C:\WINDOWS\System32\GDI32.dll
0x00007ff922b50000 - 0x00007ff922ce3000 	C:\WINDOWS\System32\gdi32full.dll
0x00007ff923160000 - 0x00007ff9231fb000 	C:\WINDOWS\System32\msvcp_win.dll
0x00007ff923060000 - 0x00007ff923156000 	C:\WINDOWS\System32\ucrtbase.dll
0x00007ff9187b0000 - 0x00007ff918a19000 	C:\WINDOWS\WinSxS\amd64_microsoft.windows.common-controls_6595b64144ccf1df_6.0.16299.192_none_15c8cdae9364c23b\COMCTL32.dll
0x00007ff9239b0000 - 0x00007ff923cb8000 	C:\WINDOWS\System32\combase.dll
0x00007ff922900000 - 0x00007ff922972000 	C:\WINDOWS\System32\bcryptPrimitives.dll
0x00007ff9232b0000 - 0x00007ff9232dd000 	C:\WINDOWS\System32\IMM32.DLL
0x0000000051e20000 - 0x0000000051ef2000 	C:\Program Files\Java\jdk1.8.0_77\jre\bin\msvcr100.dll
0x0000000077770000 - 0x0000000078000000 	C:\Program Files\Java\jdk1.8.0_77\jre\bin\server\jvm.dll
0x00007ff924500000 - 0x00007ff924508000 	C:\WINDOWS\System32\PSAPI.DLL
0x00007ff917000000 - 0x00007ff917009000 	C:\WINDOWS\SYSTEM32\WSOCK32.dll
0x00007ff91f130000 - 0x00007ff91f153000 	C:\WINDOWS\SYSTEM32\WINMM.dll
0x00007ff924430000 - 0x00007ff92449c000 	C:\WINDOWS\System32\WS2_32.dll
0x00007ff91c030000 - 0x00007ff91c03a000 	C:\WINDOWS\SYSTEM32\VERSION.dll
0x00007ff91f100000 - 0x00007ff91f12a000 	C:\WINDOWS\SYSTEM32\WINMMBASE.dll
0x00007ff922da0000 - 0x00007ff922dea000 	C:\WINDOWS\System32\cfgmgr32.dll
0x0000000051e10000 - 0x0000000051e1f000 	C:\Program Files\Java\jdk1.8.0_77\jre\bin\verify.dll
0x00000000519b0000 - 0x00000000519d9000 	C:\Program Files\Java\jdk1.8.0_77\jre\bin\java.dll
0x0000000051990000 - 0x00000000519a6000 	C:\Program Files\Java\jdk1.8.0_77\jre\bin\zip.dll
0x00007ff924510000 - 0x00007ff925946000 	C:\WINDOWS\System32\SHELL32.dll
0x00007ff923200000 - 0x00007ff9232a6000 	C:\WINDOWS\System32\shcore.dll
0x00007ff922130000 - 0x00007ff922877000 	C:\WINDOWS\System32\windows.storage.dll
0x00007ff9240d0000 - 0x00007ff924121000 	C:\WINDOWS\System32\shlwapi.dll
0x00007ff9220f0000 - 0x00007ff922101000 	C:\WINDOWS\System32\kernel.appcore.dll
0x00007ff9220a0000 - 0x00007ff9220ec000 	C:\WINDOWS\System32\powrprof.dll
0x00007ff922110000 - 0x00007ff92212b000 	C:\WINDOWS\System32\profapi.dll

VM Arguments:
jvm_args: -Dmaven.home=EMBEDDED -Dclassworlds.conf=E:\Project1\.metadata\.plugins\org.eclipse.m2e.launching\launches\m2conf2877134887203063310.tmp -Dmaven.multiModuleProjectDirectory=E:\Project1\ModelMadnessFrontend -Dfile.encoding=Cp1252 
java_command: org.codehaus.plexus.classworlds.launcher.Launcher -B clean
java_class_path (initial): /E:/softwares/eclipse-jee-mars-2-win32-x86_64/eclipse/plugins/org.eclipse.m2e.maven.runtime_1.6.2.20150902-0001/jars/plexus-classworlds-2.5.2.jar
Launcher Type: SUN_STANDARD

Environment Variables:
PATH=C:/Program Files/Java/jre1.8.0_77/bin/server;C:/Program Files/Java/jre1.8.0_77/bin;C:/Program Files/Java/jre1.8.0_77/lib/amd64;C:\ProgramData\Oracle\Java\javapath;C:\WINDOWS\system32;C:\WINDOWS;C:\WINDOWS\System32\Wbem;C:\WINDOWS\System32\WindowsPowerShell\v1.0\;C:\Program Files\Java\jdk1.8.0_77\bin;E:\softwares\eclipse-jee-mars-2-win32-x86_64\eclipse;
USERNAME=soumy
OS=Windows_NT
PROCESSOR_IDENTIFIER=AMD64 Family 22 Model 0 Stepping 1, AuthenticAMD



---------------  S Y S T E M  ---------------

OS: Windows 10.0 , 64 bit Build 16299 (10.0.16299.15)

CPU:total 4 (4 cores per cpu, 1 threads per core) family 22 model 0 stepping 1, cmov, cx8, fxsr, mmx, sse, sse2, sse3, ssse3, sse4.1, sse4.2, popcnt, avx, aes, clmul, mmxext, 3dnowpref, lzcnt, sse4a, tsc, tscinvbit, tscinv, bmi1

Memory: 4k page, physical 3643572k(401192k free), swap 5740724k(48524k free)

vm_info: Java HotSpot(TM) 64-Bit Server VM (25.77-b03) for windows-amd64 JRE (1.8.0_77-b03), built on Mar 20 2016 22:01:33 by "java_re" with MS VC++ 10.0 (VS2010)

time: Wed Feb 14 13:39:44 2018
elapsed time: 4 seconds (0d 0h 0m 4s)

